#
# There is insufficient memory for the Java Runtime Environment to continue.
# Native memory allocation (malloc) failed to allocate 1780416 bytes for Chunk::new
# Possible reasons:
#   The system is out of physical RAM or swap space
#   The process is running with CompressedOops enabled, and the Java Heap may be blocking the growth of the native heap
# Possible solutions:
#   Reduce memory load on the system
#   Increase physical memory or swap space
#   Check if swap backing store is full
#   Decrease Java heap size (-Xmx/-Xms)
#   Decrease number of Java threads
#   Decrease Java thread stack sizes (-Xss)
#   Set larger code cache with -XX:ReservedCodeCacheSize=
#   JVM is running with Unscaled Compressed Oops mode in which the Java heap is
#     placed in the first 4GB address space. The Java Heap base address is the
#     maximum limit for the native heap growth. Please use -XX:HeapBaseMinAddress
#     to set the Java Heap base and to place the Java Heap above 4GB virtual address.
# This output file may be truncated or incomplete.
#
#  Out of Memory Error (allocation.cpp:389), pid=3672, tid=0x000000000000118c
#
# JRE version: OpenJDK Runtime Environment (8.0_202-b03) (build 1.8.0_202-release-1483-b03)
# Java VM: OpenJDK 64-Bit Server VM (25.202-b03 mixed mode windows-amd64 compressed oops)
# Failed to write core dump. Minidumps are not enabled by default on client versions of Windows
#

---------------  T H R E A D  ---------------

Current thread (0x00000000161d9000):  JavaThread "C2 CompilerThread0" daemon [_thread_in_native, id=4492, stack(0x0000000017830000,0x0000000017930000)]

Stack: [0x0000000017830000,0x0000000017930000]
[error occurred during error reporting (printing stack bounds), id 0xc0000005]

Native frames: (J=compiled Java code, j=interpreted, Vv=VM code, C=native code)


Current CompileTask:
C2:4136045 22467       4       com.android.tools.r8.ir.regalloc.LinearScanRegisterAllocator::a (3743 bytes)


---------------  P R O C E S S  ---------------

Java Threads: ( => current thread )
  0x000000001b72f000 JavaThread "RMI TCP Connection(idle)" daemon [_thread_blocked, id=14972, stack(0x0000000026000000,0x0000000026100000)]
  0x000000001b72a800 JavaThread "stdout" [_thread_in_native, id=5348, stack(0x0000000025c00000,0x0000000025d00000)]
  0x000000001b731800 JavaThread "stderr" [_thread_in_native, id=14748, stack(0x0000000025900000,0x0000000025a00000)]
  0x000000001b72d800 JavaThread "WorkerExecutor Queue Thread 3" [_thread_blocked, id=7636, stack(0x0000000025800000,0x0000000025900000)]
  0x000000001c392000 JavaThread "WorkerExecutor Queue Thread 2" [_thread_blocked, id=2180, stack(0x0000000025700000,0x0000000025800000)]
  0x000000001c391000 JavaThread "stdout" [_thread_in_native, id=9816, stack(0x0000000025600000,0x0000000025700000)]
  0x000000001c389800 JavaThread "stderr" [_thread_in_native, id=15212, stack(0x0000000024f00000,0x0000000025000000)]
  0x000000001c390800 JavaThread "pool-11-thread-1" [_thread_blocked, id=5068, stack(0x0000000023990000,0x0000000023a90000)]
  0x000000001c38f800 JavaThread "WorkerExecutor Queue" [_thread_blocked, id=5704, stack(0x0000000023790000,0x0000000023890000)]
  0x000000001c387800 JavaThread "Cache worker for execution history cache (C:\Users\JOHN\AndroidStudioProjects\TJMaintenance\.gradle\5.4.1\executionHistory)" [_thread_blocked, id=13908, stack(0x0000000023190000,0x0000000023290000)]
  0x000000001c38a800 JavaThread "Execution worker for ':' Thread 3" [_thread_in_Java, id=8360, stack(0x0000000022f90000,0x0000000023090000)]
  0x000000001c386800 JavaThread "Execution worker for ':' Thread 2" [_thread_in_Java, id=8364, stack(0x0000000022e90000,0x0000000022f90000)]
  0x000000001c38d800 JavaThread "Execution worker for ':'" [_thread_in_Java, id=15980, stack(0x0000000022d90000,0x0000000022e90000)]
  0x000000001c386000 JavaThread "Cache worker for file content cache (C:\Users\JOHN\AndroidStudioProjects\TJMaintenance\.gradle\5.4.1\fileContent)" [_thread_blocked, id=12004, stack(0x0000000022c90000,0x0000000022d90000)]
  0x000000001c986000 JavaThread "Cache worker for Build Output Cleanup Cache (C:\Users\JOHN\AndroidStudioProjects\TJMaintenance\.gradle\buildOutputCleanup)" [_thread_blocked, id=14448, stack(0x0000000022990000,0x0000000022a90000)]
  0x000000001c988000 JavaThread "Build operations Thread 4" [_thread_blocked, id=1444, stack(0x0000000022490000,0x0000000022590000)]
  0x000000001c985800 JavaThread "Build operations Thread 3" [_thread_blocked, id=7908, stack(0x0000000021d90000,0x0000000021e90000)]
  0x000000001c984000 JavaThread "Build operations Thread 2" [_thread_blocked, id=12384, stack(0x0000000021c90000,0x0000000021d90000)]
  0x000000001c987000 JavaThread "Build operations" [_thread_blocked, id=1972, stack(0x000000001fe50000,0x000000001ff50000)]
  0x000000001c983000 JavaThread "Cache worker for cache directory md-rule (C:\Users\JOHN\.gradle\caches\5.4.1\md-rule)" [_thread_blocked, id=15112, stack(0x000000001f750000,0x000000001f850000)]
  0x000000001c982800 JavaThread "Cache worker for cache directory md-supplier (C:\Users\JOHN\.gradle\caches\5.4.1\md-supplier)" [_thread_blocked, id=7776, stack(0x000000001f650000,0x000000001f750000)]
  0x000000001c988800 JavaThread "Cache worker for file hash cache (C:\Users\JOHN\AndroidStudioProjects\TJMaintenance\.gradle\5.4.1\fileHashes)" [_thread_blocked, id=8180, stack(0x000000001f550000,0x000000001f650000)]
  0x000000001c984800 JavaThread "Thread-108" [_thread_blocked, id=3764, stack(0x000000001f1f0000,0x000000001f2f0000)]
  0x000000001c97b000 JavaThread "Asynchronous log dispatcher for DefaultDaemonConnection: socket connection from /127.0.0.1:30972 to /127.0.0.1:31244" [_thread_blocked, id=14892, stack(0x000000001eef0000,0x000000001eff0000)]
  0x000000001c981800 JavaThread "Daemon worker Thread 5" [_thread_in_native, id=8812, stack(0x000000001e1f0000,0x000000001e2f0000)]
  0x000000001c97b800 JavaThread "Cancel handler" [_thread_blocked, id=15912, stack(0x000000001aa80000,0x000000001ab80000)]
  0x000000001c97a000 JavaThread "Handler for socket connection from /127.0.0.1:30972 to /127.0.0.1:31244" [_thread_in_native, id=3148, stack(0x000000001a780000,0x000000001a880000)]
  0x000000001c981000 JavaThread "Daemon Thread 5" [_thread_blocked, id=6884, stack(0x000000001a380000,0x000000001a480000)]
  0x000000001b730000 JavaThread "Cache worker for Java compile cache (C:\Users\JOHN\.gradle\caches\5.4.1\javaCompile)" [_thread_blocked, id=9544, stack(0x0000000023890000,0x0000000023990000)]
  0x0000000017da8000 JavaThread "RMI Reaper" [_thread_blocked, id=10808, stack(0x0000000023690000,0x0000000023790000)]
  0x000000001c393000 JavaThread "RMI TCP Accept-0" daemon [_thread_in_native, id=13424, stack(0x0000000023590000,0x0000000023690000)]
  0x000000001c38b000 JavaThread "GC Daemon" daemon [_thread_blocked, id=7532, stack(0x0000000023490000,0x0000000023590000)]
  0x000000001c68f000 JavaThread "RMI Scheduler(0)" daemon [_thread_blocked, id=8376, stack(0x0000000000c70000,0x0000000000d70000)]
  0x000000001c38c800 JavaThread "Cache worker for file content cache (C:\Users\JOHN\.gradle\caches\5.4.1\fileContent)" [_thread_blocked, id=15728, stack(0x0000000022090000,0x0000000022190000)]
  0x000000001c38c000 JavaThread "Memory manager" [_thread_blocked, id=9936, stack(0x0000000021520000,0x0000000021620000)]
  0x000000001c385000 JavaThread "Cache worker for execution history cache (C:\Users\JOHN\.gradle\caches\5.4.1\executionHistory)" [_thread_blocked, id=9424, stack(0x000000001f0f0000,0x000000001f1f0000)]
  0x0000000017da6000 JavaThread "Cache worker for journal cache (C:\Users\JOHN\.gradle\caches\journal-1)" [_thread_blocked, id=13544, stack(0x000000001af80000,0x000000001b080000)]
  0x0000000017da5000 JavaThread "File lock request listener" [_thread_in_native, id=5648, stack(0x000000001ac80000,0x000000001ad80000)]
  0x0000000018e75000 JavaThread "Cache worker for file hash cache (C:\Users\JOHN\.gradle\caches\5.4.1\fileHashes)" [_thread_blocked, id=15780, stack(0x000000001ab80000,0x000000001ac80000)]
  0x0000000019371800 JavaThread "Daemon periodic checks" [_thread_blocked, id=11616, stack(0x000000001a180000,0x000000001a280000)]
  0x0000000017e98800 JavaThread "Incoming local TCP Connector on port 30972" [_thread_in_native, id=4540, stack(0x0000000019f40000,0x000000001a040000)]
  0x0000000017d7b000 JavaThread "Daemon health stats" [_thread_blocked, id=12368, stack(0x0000000019900000,0x0000000019a00000)]
  0x0000000017b58800 JavaThread "Service Thread" daemon [_thread_blocked, id=14260, stack(0x0000000017f30000,0x0000000018030000)]
  0x00000000161d4800 JavaThread "C1 CompilerThread2" daemon [_thread_blocked, id=13508, stack(0x0000000017a30000,0x0000000017b30000)]
  0x00000000161cb800 JavaThread "C2 CompilerThread1" daemon [_thread_in_native, id=9264, stack(0x0000000017930000,0x0000000017a30000)]
=>0x00000000161d9000 JavaThread "C2 CompilerThread0" daemon [_thread_in_native, id=4492, stack(0x0000000017830000,0x0000000017930000)]
  0x00000000161d8000 JavaThread "Attach Listener" daemon [_thread_blocked, id=5816, stack(0x0000000017730000,0x0000000017830000)]
  0x00000000161d6800 JavaThread "Signal Dispatcher" daemon [_thread_blocked, id=14056, stack(0x0000000017630000,0x0000000017730000)]
  0x000000000285c800 JavaThread "Finalizer" daemon [_thread_blocked, id=14332, stack(0x0000000017430000,0x0000000017530000)]
  0x00000000161b9000 JavaThread "Reference Handler" daemon [_thread_blocked, id=2968, stack(0x0000000017330000,0x0000000017430000)]
  0x0000000000dfd800 JavaThread "main" [_thread_blocked, id=9116, stack(0x0000000002660000,0x0000000002760000)]

Other Threads:
  0x0000000016195800 VMThread [stack: 0x0000000017230000,0x0000000017330000] [id=4372]
  0x000000001622d800 WatcherThread [stack: 0x0000000018030000,0x0000000018130000] [id=6568]

VM state:not at safepoint (normal execution)

VM Mutex/Monitor currently owned by a thread: None

heap address: 0x00000000a0000000, size: 1536 MB, Compressed Oops mode: 32-bit
Narrow klass base: 0x0000000000000000, Narrow klass shift: 3
Compressed class space size: 1073741824 Address: 0x0000000100000000

Heap:
 PSYoungGen      total 305152K, used 251435K [0x00000000e0000000, 0x00000000f5a00000, 0x0000000100000000)
  eden space 255488K, 85% used [0x00000000e0000000,0x00000000ed5223c8,0x00000000ef980000)
  from space 49664K, 66% used [0x00000000f2980000,0x00000000f49e8998,0x00000000f5a00000)
  to   space 49152K, 0% used [0x00000000ef980000,0x00000000ef980000,0x00000000f2980000)
 ParOldGen       total 125440K, used 107950K [0x00000000a0000000, 0x00000000a7a80000, 0x00000000e0000000)
  object space 125440K, 86% used [0x00000000a0000000,0x00000000a696b9f0,0x00000000a7a80000)
 Metaspace       used 94401K, capacity 98200K, committed 98264K, reserved 1134592K
  class space    used 12045K, capacity 12773K, committed 12800K, reserved 1048576K

Card table byte_map: [0x0000000011c20000,0x0000000011f30000] byte_map_base: 0x0000000011720000

Marking Bits: (ParMarkBitMap*) 0x000000005b6d9f30
 Begin Bits: [0x0000000012530000, 0x0000000013d30000)
 End Bits:   [0x0000000013d30000, 0x0000000015530000)

Polling page: 0x0000000000870000

CodeCache: size=245760Kb used=61868Kb max_used=62845Kb free=183891Kb
 bounds [0x0000000002860000, 0x0000000006640000, 0x0000000011860000]
 total_blobs=18103 nmethods=17215 adapters=800
 compilation: enabled

Compilation events (10 events):
Event: 4133.792 Thread 0x00000000161d9000 nmethod 22479 0x0000000005f0dbd0 code [0x0000000005f0e5a0, 0x0000000005f15ce8]
Event: 4133.793 Thread 0x00000000161d9000 22467       4       com.android.tools.r8.ir.regalloc.LinearScanRegisterAllocator::a (3743 bytes)
Event: 4134.478 Thread 0x00000000161cb800 nmethod 22486 0x0000000005e25350 code [0x0000000005e259e0, 0x0000000005e2ab70]
Event: 4134.479 Thread 0x00000000161cb800 22469       4       com.android.tools.r8.ir.code.Instruction::identicalAfterRegisterAllocation (636 bytes)
Event: 4134.702 Thread 0x00000000161d4800 22495       2       com.android.tools.r8.ir.optimize.CodeRewriter$g::a (62 bytes)
Event: 4134.702 Thread 0x00000000161d4800 nmethod 22495 0x0000000005e24f90 code [0x0000000005e25100, 0x0000000005e25288]
Event: 4134.796 Thread 0x00000000161cb800 nmethod 22469 0x0000000005e32210 code [0x0000000005e326e0, 0x0000000005e35088]
Event: 4134.797 Thread 0x00000000161cb800 22490       4       com.android.tools.r8.ir.conversion.IRBuilder::a (2002 bytes)
Event: 4135.511 Thread 0x00000000161d4800 22498       2       com.android.tools.r8.graph.DexValue$DexValueBoolean::a (1 bytes)
Event: 4135.512 Thread 0x00000000161d4800 nmethod 22498 0x00000000061cfd10 code [0x00000000061cfe60, 0x00000000061cffb0]

GC Heap History (10 events):
Event: 4075.472 GC heap before
{Heap before GC invocations=50 (full 4):
 PSYoungGen      total 224768K, used 224767K [0x00000000e0000000, 0x00000000f3280000, 0x0000000100000000)
  eden space 187392K, 100% used [0x00000000e0000000,0x00000000eb700000,0x00000000eb700000)
  from space 37376K, 99% used [0x00000000eb700000,0x00000000edb7fe20,0x00000000edb80000)
  to   space 51712K, 0% used [0x00000000f0000000,0x00000000f0000000,0x00000000f3280000)
 ParOldGen       total 125440K, used 95551K [0x00000000a0000000, 0x00000000a7a80000, 0x00000000e0000000)
  object space 125440K, 76% used [0x00000000a0000000,0x00000000a5d4fe20,0x00000000a7a80000)
 Metaspace       used 93924K, capacity 97522K, committed 97752K, reserved 1134592K
  class space    used 12011K, capacity 12690K, committed 12800K, reserved 1048576K
Event: 4075.681 GC heap after
Heap after GC invocations=50 (full 4):
 PSYoungGen      total 256000K, used 34524K [0x00000000e0000000, 0x00000000f2f80000, 0x0000000100000000)
  eden space 207360K, 0% used [0x00000000e0000000,0x00000000e0000000,0x00000000eca80000)
  from space 48640K, 70% used [0x00000000f0000000,0x00000000f21b71c8,0x00000000f2f80000)
  to   space 51712K, 0% used [0x00000000eca80000,0x00000000eca80000,0x00000000efd00000)
 ParOldGen       total 125440K, used 96643K [0x00000000a0000000, 0x00000000a7a80000, 0x00000000e0000000)
  object space 125440K, 77% used [0x00000000a0000000,0x00000000a5e60e60,0x00000000a7a80000)
 Metaspace       used 93924K, capacity 97522K, committed 97752K, reserved 1134592K
  class space    used 12011K, capacity 12690K, committed 12800K, reserved 1048576K
}
Event: 4085.786 GC heap before
{Heap before GC invocations=51 (full 4):
 PSYoungGen      total 256000K, used 241884K [0x00000000e0000000, 0x00000000f2f80000, 0x0000000100000000)
  eden space 207360K, 100% used [0x00000000e0000000,0x00000000eca80000,0x00000000eca80000)
  from space 48640K, 70% used [0x00000000f0000000,0x00000000f21b71c8,0x00000000f2f80000)
  to   space 51712K, 0% used [0x00000000eca80000,0x00000000eca80000,0x00000000efd00000)
 ParOldGen       total 125440K, used 96643K [0x00000000a0000000, 0x00000000a7a80000, 0x00000000e0000000)
  object space 125440K, 77% used [0x00000000a0000000,0x00000000a5e60e60,0x00000000a7a80000)
 Metaspace       used 94035K, capacity 97700K, committed 98008K, reserved 1134592K
  class space    used 12023K, capacity 12733K, committed 12800K, reserved 1048576K
Event: 4086.274 GC heap after
Heap after GC invocations=51 (full 4):
 PSYoungGen      total 259072K, used 28550K [0x00000000e0000000, 0x00000000f4500000, 0x0000000100000000)
  eden space 207360K, 0% used [0x00000000e0000000,0x00000000e0000000,0x00000000eca80000)
  from space 51712K, 55% used [0x00000000eca80000,0x00000000ee6618e0,0x00000000efd00000)
  to   space 50176K, 0% used [0x00000000f1400000,0x00000000f1400000,0x00000000f4500000)
 ParOldGen       total 125440K, used 102486K [0x00000000a0000000, 0x00000000a7a80000, 0x00000000e0000000)
  object space 125440K, 81% used [0x00000000a0000000,0x00000000a64159a0,0x00000000a7a80000)
 Metaspace       used 94035K, capacity 97700K, committed 98008K, reserved 1134592K
  class space    used 12023K, capacity 12733K, committed 12800K, reserved 1048576K
}
Event: 4122.710 GC heap before
{Heap before GC invocations=52 (full 4):
 PSYoungGen      total 259072K, used 235910K [0x00000000e0000000, 0x00000000f4500000, 0x0000000100000000)
  eden space 207360K, 100% used [0x00000000e0000000,0x00000000eca80000,0x00000000eca80000)
  from space 51712K, 55% used [0x00000000eca80000,0x00000000ee6618e0,0x00000000efd00000)
  to   space 50176K, 0% used [0x00000000f1400000,0x00000000f1400000,0x00000000f4500000)
 ParOldGen       total 125440K, used 102486K [0x00000000a0000000, 0x00000000a7a80000, 0x00000000e0000000)
  object space 125440K, 81% used [0x00000000a0000000,0x00000000a64159a0,0x00000000a7a80000)
 Metaspace       used 94374K, capacity 98132K, committed 98264K, reserved 1134592K
  class space    used 12045K, capacity 12773K, committed 12800K, reserved 1048576K
Event: 4123.005 GC heap after
Heap after GC invocations=52 (full 4):
 PSYoungGen      total 277504K, used 33580K [0x00000000e0000000, 0x00000000f4280000, 0x0000000100000000)
  eden space 229888K, 0% used [0x00000000e0000000,0x00000000e0000000,0x00000000ee080000)
  from space 47616K, 70% used [0x00000000f1400000,0x00000000f34cb260,0x00000000f4280000)
  to   space 50176K, 0% used [0x00000000ee080000,0x00000000ee080000,0x00000000f1180000)
 ParOldGen       total 125440K, used 104062K [0x00000000a0000000, 0x00000000a7a80000, 0x00000000e0000000)
  object space 125440K, 82% used [0x00000000a0000000,0x00000000a659f9a0,0x00000000a7a80000)
 Metaspace       used 94374K, capacity 98132K, committed 98264K, reserved 1134592K
  class space    used 12045K, capacity 12773K, committed 12800K, reserved 1048576K
}
Event: 4127.742 GC heap before
{Heap before GC invocations=53 (full 4):
 PSYoungGen      total 277504K, used 263468K [0x00000000e0000000, 0x00000000f4280000, 0x0000000100000000)
  eden space 229888K, 100% used [0x00000000e0000000,0x00000000ee080000,0x00000000ee080000)
  from space 47616K, 70% used [0x00000000f1400000,0x00000000f34cb260,0x00000000f4280000)
  to   space 50176K, 0% used [0x00000000ee080000,0x00000000ee080000,0x00000000f1180000)
 ParOldGen       total 125440K, used 104062K [0x00000000a0000000, 0x00000000a7a80000, 0x00000000e0000000)
  object space 125440K, 82% used [0x00000000a0000000,0x00000000a659f9a0,0x00000000a7a80000)
 Metaspace       used 94390K, capacity 98196K, committed 98264K, reserved 1134592K
  class space    used 12045K, capacity 12773K, committed 12800K, reserved 1048576K
Event: 4127.877 GC heap after
Heap after GC invocations=53 (full 4):
 PSYoungGen      total 280064K, used 32381K [0x00000000e0000000, 0x00000000f5a00000, 0x0000000100000000)
  eden space 229888K, 0% used [0x00000000e0000000,0x00000000e0000000,0x00000000ee080000)
  from space 50176K, 64% used [0x00000000ee080000,0x00000000f001f6b8,0x00000000f1180000)
  to   space 49664K, 0% used [0x00000000f2980000,0x00000000f2980000,0x00000000f5a00000)
 ParOldGen       total 125440K, used 106750K [0x00000000a0000000, 0x00000000a7a80000, 0x00000000e0000000)
  object space 125440K, 85% used [0x00000000a0000000,0x00000000a683f9f0,0x00000000a7a80000)
 Metaspace       used 94390K, capacity 98196K, committed 98264K, reserved 1134592K
  class space    used 12045K, capacity 12773K, committed 12800K, reserved 1048576K
}
Event: 4132.296 GC heap before
{Heap before GC invocations=54 (full 4):
 PSYoungGen      total 280064K, used 262269K [0x00000000e0000000, 0x00000000f5a00000, 0x0000000100000000)
  eden space 229888K, 100% used [0x00000000e0000000,0x00000000ee080000,0x00000000ee080000)
  from space 50176K, 64% used [0x00000000ee080000,0x00000000f001f6b8,0x00000000f1180000)
  to   space 49664K, 0% used [0x00000000f2980000,0x00000000f2980000,0x00000000f5a00000)
 ParOldGen       total 125440K, used 106750K [0x00000000a0000000, 0x00000000a7a80000, 0x00000000e0000000)
  object space 125440K, 85% used [0x00000000a0000000,0x00000000a683f9f0,0x00000000a7a80000)
 Metaspace       used 94399K, capacity 98196K, committed 98264K, reserved 1134592K
  class space    used 12045K, capacity 12773K, committed 12800K, reserved 1048576K
Event: 4132.480 GC heap after
Heap after GC invocations=54 (full 4):
 PSYoungGen      total 305152K, used 33186K [0x00000000e0000000, 0x00000000f5a00000, 0x0000000100000000)
  eden space 255488K, 0% used [0x00000000e0000000,0x00000000e0000000,0x00000000ef980000)
  from space 49664K, 66% used [0x00000000f2980000,0x00000000f49e8998,0x00000000f5a00000)
  to   space 49152K, 0% used [0x00000000ef980000,0x00000000ef980000,0x00000000f2980000)
 ParOldGen       total 125440K, used 107950K [0x00000000a0000000, 0x00000000a7a80000, 0x00000000e0000000)
  object space 125440K, 86% used [0x00000000a0000000,0x00000000a696b9f0,0x00000000a7a80000)
 Metaspace       used 94399K, capacity 98196K, committed 98264K, reserved 1134592K
  class space    used 12045K, capacity 12773K, committed 12800K, reserved 1048576K
}

Deoptimization events (10 events):
Event: 4126.472 Thread 0x000000001c38a800 Uncommon trap: reason=unstable_if action=reinterpret pc=0x00000000054effcc method=com.android.tools.r8.ir.optimize.b.a(Lcom/android/tools/r8/ir/code/BasicBlock;Lcom/android/tools/r8/ir/code/BasicBlock;)Z @ 99
Event: 4126.472 Thread 0x000000001c38a800 Uncommon trap: reason=unstable_if action=reinterpret pc=0x0000000006088c7c method=com.android.tools.r8.ir.optimize.b.a(Lcom/android/tools/r8/ir/code/BasicBlock;Lcom/android/tools/r8/ir/code/BasicBlock;)Z @ 99
Event: 4128.236 Thread 0x000000001c981800 Uncommon trap: reason=class_check action=maybe_recompile pc=0x00000000055ada7c method=com.android.tools.r8.ir.optimize.e.a(Ljava/lang/Object;)I @ 52
Event: 4129.665 Thread 0x000000001c38d800 Uncommon trap: reason=unstable_if action=reinterpret pc=0x00000000060f9234 method=com.android.tools.r8.ir.code.Value.A()Z @ 14
Event: 4130.544 Thread 0x000000001c38a800 Uncommon trap: reason=array_check action=maybe_recompile pc=0x0000000003c74588 method=java.util.TimSort.mergeLo(IIII)V @ 375
Event: 4131.355 Thread 0x000000001c386800 Uncommon trap: reason=class_check action=maybe_recompile pc=0x00000000055ada7c method=com.android.tools.r8.ir.optimize.e.a(Ljava/lang/Object;)I @ 52
Event: 4131.355 Thread 0x000000001c386800 Uncommon trap: reason=class_check action=maybe_recompile pc=0x000000000619cd1c method=com.android.tools.r8.ir.code.ConstNumber.a(Lcom/android/tools/r8/ir/code/Instruction;)Z @ 17
Event: 4131.355 Thread 0x000000001c386800 Uncommon trap: reason=class_check action=maybe_recompile pc=0x000000000619cd1c method=com.android.tools.r8.ir.code.ConstNumber.a(Lcom/android/tools/r8/ir/code/Instruction;)Z @ 17
Event: 4131.355 Thread 0x000000001c386800 Uncommon trap: reason=class_check action=maybe_recompile pc=0x000000000619cd1c method=com.android.tools.r8.ir.code.ConstNumber.a(Lcom/android/tools/r8/ir/code/Instruction;)Z @ 17
Event: 4135.418 Thread 0x000000001c38d800 Uncommon trap: reason=class_check action=maybe_recompile pc=0x00000000063121fc method=com.android.tools.r8.ir.optimize.g.a(Lcom/android/tools/r8/ir/code/IRCode;)V @ 218

Classes redefined (0 events):
No events

Internal exceptions (10 events):
Event: 4128.018 Thread 0x000000001c981800 Exception <a 'sun/nio/fs/WindowsException'> (0x00000000e02d32c8) thrown at [D:\src\AOSP-openjdk-cygwin\jdk8u\hotspot\src\share\vm\prims\jni.cpp, line 710]
Event: 4128.136 Thread 0x000000001c386800 Exception <a 'sun/nio/fs/WindowsException'> (0x00000000e0b30470) thrown at [D:\src\AOSP-openjdk-cygwin\jdk8u\hotspot\src\share\vm\prims\jni.cpp, line 710]
Event: 4128.390 Thread 0x000000001c38a800 Exception <a 'sun/nio/fs/WindowsException'> (0x00000000e0082470) thrown at [D:\src\AOSP-openjdk-cygwin\jdk8u\hotspot\src\share\vm\prims\jni.cpp, line 710]
Event: 4129.725 Thread 0x000000001c981800 Exception <a 'sun/nio/fs/WindowsException'> (0x00000000e6251d70) thrown at [D:\src\AOSP-openjdk-cygwin\jdk8u\hotspot\src\share\vm\prims\jni.cpp, line 710]
Event: 4130.728 Thread 0x000000001c38a800 Exception <a 'sun/nio/fs/WindowsException'> (0x00000000e8fcb5c0) thrown at [D:\src\AOSP-openjdk-cygwin\jdk8u\hotspot\src\share\vm\prims\jni.cpp, line 710]
Event: 4131.613 Thread 0x000000001c386800 Exception <a 'sun/nio/fs/WindowsException'> (0x00000000eba94f10) thrown at [D:\src\AOSP-openjdk-cygwin\jdk8u\hotspot\src\share\vm\prims\jni.cpp, line 710]
Event: 4131.668 Thread 0x000000001c981800 Exception <a 'sun/nio/fs/WindowsException'> (0x00000000ebd458c0) thrown at [D:\src\AOSP-openjdk-cygwin\jdk8u\hotspot\src\share\vm\prims\jni.cpp, line 710]
Event: 4131.962 Thread 0x000000001c38a800 Exception <a 'sun/nio/fs/WindowsException'> (0x00000000ec9353f0) thrown at [D:\src\AOSP-openjdk-cygwin\jdk8u\hotspot\src\share\vm\prims\jni.cpp, line 710]
Event: 4135.316 Thread 0x000000001c386800 Exception <a 'sun/nio/fs/WindowsException'> (0x00000000e9f1c878) thrown at [D:\src\AOSP-openjdk-cygwin\jdk8u\hotspot\src\share\vm\prims\jni.cpp, line 710]
Event: 4135.641 Thread 0x000000001c981800 Exception <a 'sun/nio/fs/WindowsException'> (0x00000000eae4d7e8) thrown at [D:\src\AOSP-openjdk-cygwin\jdk8u\hotspot\src\share\vm\prims\jni.cpp, line 710]

Events (10 events):
Event: 4135.418 Thread 0x000000001c38d800 DEOPT PACKING pc=0x00000000063121fc sp=0x0000000022e8ae80
Event: 4135.418 Thread 0x000000001c38d800 DEOPT UNPACKING pc=0x00000000028a557b sp=0x0000000022e8ae60 mode 2
Event: 4135.544 Thread 0x000000001c38d800 DEOPT PACKING pc=0x000000000630785a sp=0x0000000022e8abf0
Event: 4135.544 Thread 0x000000001c38d800 DEOPT UNPACKING pc=0x00000000028a71d0 sp=0x0000000022e8ab10 mode 0
Event: 4135.622 Thread 0x000000001c38a800 DEOPT PACKING pc=0x0000000005b3234a sp=0x000000002308a9a0
Event: 4135.622 Thread 0x000000001c38a800 DEOPT UNPACKING pc=0x00000000028a71d0 sp=0x000000002308aa08 mode 0
Event: 4135.687 Thread 0x000000001c38d800 DEOPT PACKING pc=0x0000000005b322cd sp=0x0000000022e8a670
Event: 4135.687 Thread 0x000000001c38d800 DEOPT UNPACKING pc=0x00000000028a71d0 sp=0x0000000022e8a6d8 mode 0
Event: 4135.964 Thread 0x000000001c38a800 DEOPT PACKING pc=0x000000000630781d sp=0x000000002308ab30
Event: 4135.964 Thread 0x000000001c38a800 DEOPT UNPACKING pc=0x00000000028a71d0 sp=0x000000002308aa48 mode 0


Dynamic libraries:
0x00007ff7de2a0000 - 0x00007ff7de2d1000 	C:\Program Files\Android\Android Studio\jre\bin\java.exe
0x00007ffa1d520000 - 0x00007ffa1d710000 	C:\WINDOWS\SYSTEM32\ntdll.dll
0x00007ffa1cc90000 - 0x00007ffa1cd42000 	C:\WINDOWS\System32\KERNEL32.DLL
0x00007ffa1b280000 - 0x00007ffa1b523000 	C:\WINDOWS\System32\KERNELBASE.dll
0x00007ffa1c770000 - 0x00007ffa1c813000 	C:\WINDOWS\System32\ADVAPI32.dll
0x00007ffa1b8a0000 - 0x00007ffa1b93e000 	C:\WINDOWS\System32\msvcrt.dll
0x00007ffa1cd50000 - 0x00007ffa1cde7000 	C:\WINDOWS\System32\sechost.dll
0x00007ffa1baa0000 - 0x00007ffa1bbc0000 	C:\WINDOWS\System32\RPCRT4.dll
0x00007ffa1be00000 - 0x00007ffa1bf94000 	C:\WINDOWS\System32\USER32.dll
0x00007ffa1a8a0000 - 0x00007ffa1a8c1000 	C:\WINDOWS\System32\win32u.dll
0x00007ffa1bfb0000 - 0x00007ffa1bfd6000 	C:\WINDOWS\System32\GDI32.dll
0x00007ffa1a700000 - 0x00007ffa1a894000 	C:\WINDOWS\System32\gdi32full.dll
0x00007ffa1b530000 - 0x00007ffa1b5ce000 	C:\WINDOWS\System32\msvcp_win.dll
0x00007ffa1a600000 - 0x00007ffa1a6fa000 	C:\WINDOWS\System32\ucrtbase.dll
0x00007ffa0f290000 - 0x00007ffa0f515000 	C:\WINDOWS\WinSxS\amd64_microsoft.windows.common-controls_6595b64144ccf1df_6.0.18362.592_none_e6c0b1911312be02\COMCTL32.dll
0x00007ffa1c430000 - 0x00007ffa1c766000 	C:\WINDOWS\System32\combase.dll
0x00007ffa1a980000 - 0x00007ffa1aa00000 	C:\WINDOWS\System32\bcryptPrimitives.dll
0x00007ffa1b640000 - 0x00007ffa1b66e000 	C:\WINDOWS\System32\IMM32.DLL
0x000000005aca0000 - 0x000000005ad72000 	C:\Program Files\Android\Android Studio\jre\jre\bin\msvcr100.dll
0x000000005af10000 - 0x000000005b756000 	C:\Program Files\Android\Android Studio\jre\jre\bin\server\jvm.dll
0x00007ffa1b630000 - 0x00007ffa1b638000 	C:\WINDOWS\System32\PSAPI.DLL
0x00007ffa17070000 - 0x00007ffa17094000 	C:\WINDOWS\SYSTEM32\WINMM.dll
0x00007ffa172f0000 - 0x00007ffa172f9000 	C:\WINDOWS\SYSTEM32\WSOCK32.dll
0x00007ffa1bfe0000 - 0x00007ffa1c04f000 	C:\WINDOWS\System32\WS2_32.dll
0x00007ffa12e90000 - 0x00007ffa12e9a000 	C:\WINDOWS\SYSTEM32\VERSION.dll
0x00007ffa17040000 - 0x00007ffa1706d000 	C:\WINDOWS\SYSTEM32\winmmbase.dll
0x00007ffa1aa00000 - 0x00007ffa1aa4a000 	C:\WINDOWS\System32\cfgmgr32.dll
0x00007ffa172e0000 - 0x00007ffa172ef000 	C:\Program Files\Android\Android Studio\jre\jre\bin\verify.dll
0x00007ffa0eb50000 - 0x00007ffa0eb79000 	C:\Program Files\Android\Android Studio\jre\jre\bin\java.dll
0x00007ffa16d10000 - 0x00007ffa16d26000 	C:\Program Files\Android\Android Studio\jre\jre\bin\zip.dll
0x00007ffa1cdf0000 - 0x00007ffa1d4d5000 	C:\WINDOWS\System32\SHELL32.dll
0x00007ffa1c380000 - 0x00007ffa1c429000 	C:\WINDOWS\System32\shcore.dll
0x00007ffa1ab00000 - 0x00007ffa1b27f000 	C:\WINDOWS\System32\windows.storage.dll
0x00007ffa1a470000 - 0x00007ffa1a48f000 	C:\WINDOWS\System32\profapi.dll
0x00007ffa1a420000 - 0x00007ffa1a46a000 	C:\WINDOWS\System32\powrprof.dll
0x00007ffa1a3f0000 - 0x00007ffa1a400000 	C:\WINDOWS\System32\UMPDC.dll
0x00007ffa1b5d0000 - 0x00007ffa1b622000 	C:\WINDOWS\System32\shlwapi.dll
0x00007ffa1a400000 - 0x00007ffa1a411000 	C:\WINDOWS\System32\kernel.appcore.dll
0x00007ffa1a930000 - 0x00007ffa1a947000 	C:\WINDOWS\System32\cryptsp.dll
0x00007ffa0fda0000 - 0x00007ffa0fdba000 	C:\Program Files\Android\Android Studio\jre\jre\bin\net.dll
0x00007ffa19c60000 - 0x00007ffa19cc7000 	C:\WINDOWS\system32\mswsock.dll
0x00007ffa0e860000 - 0x00007ffa0e871000 	C:\Program Files\Android\Android Studio\jre\jre\bin\nio.dll
0x00007ff9f8940000 - 0x00007ff9f8966000 	C:\Users\JOHN\.gradle\native\29\windows-amd64\native-platform.dll
0x00007ffa17150000 - 0x00007ffa1715d000 	C:\Program Files\Android\Android Studio\jre\jre\bin\management.dll
0x00007ffa197a0000 - 0x00007ffa197d3000 	C:\WINDOWS\system32\rsaenh.dll
0x00007ffa1a950000 - 0x00007ffa1a976000 	C:\WINDOWS\System32\bcrypt.dll
0x00007ffa1a2e0000 - 0x00007ffa1a305000 	C:\WINDOWS\SYSTEM32\USERENV.dll
0x00007ffa19e30000 - 0x00007ffa19e3c000 	C:\WINDOWS\SYSTEM32\CRYPTBASE.dll
0x00007ffa19970000 - 0x00007ffa199aa000 	C:\WINDOWS\SYSTEM32\IPHLPAPI.DLL
0x00007ffa1bbc0000 - 0x00007ffa1bbc8000 	C:\WINDOWS\System32\NSI.dll
0x00007ffa11b40000 - 0x00007ffa11b56000 	C:\WINDOWS\SYSTEM32\dhcpcsvc6.DLL
0x00007ffa11cc0000 - 0x00007ffa11cdc000 	C:\WINDOWS\SYSTEM32\dhcpcsvc.DLL
0x00007ffa199b0000 - 0x00007ffa19a7a000 	C:\WINDOWS\SYSTEM32\DNSAPI.dll
0x00007ffa15770000 - 0x00007ffa1578e000 	C:\Users\JOHN\AppData\Local\Temp\native-platform8811135299951025333dir\native-platform.dll
0x00007ffa16c80000 - 0x00007ffa16ca4000 	C:\Program Files\Android\Android Studio\jre\jre\bin\sunec.dll

VM Arguments:
jvm_args: -Xmx1536m -Dfile.encoding=windows-1252 -Duser.country=US -Duser.language=en -Duser.variant 
java_command: org.gradle.launcher.daemon.bootstrap.GradleDaemon 5.4.1
java_class_path (initial): C:\Users\JOHN\.gradle\wrapper\dists\gradle-5.4.1-all\3221gyojl5jsh0helicew7rwx\gradle-5.4.1\lib\gradle-launcher-5.4.1.jar
Launcher Type: SUN_STANDARD

Environment Variables:
PATH=C:\WINDOWS\system32;C:\WINDOWS;C:\WINDOWS\System32\Wbem;C:\WINDOWS\System32\WindowsPowerShell\v1.0\;C:\Program Files (x86)\Common Files\Intuit\QBPOSSDKRuntime;C:\WINDOWS\System32\OpenSSH\;C:\Program Files\Git\cmd;C:\Users\JOHN\AppData\Local\Microsoft\WindowsApps;C:\Users\JOHN\AppData\Local\GitHubDesktop\bin
USERNAME=JOHN
OS=Windows_NT
PROCESSOR_IDENTIFIER=AMD64 Family 22 Model 48 Stepping 1, AuthenticAMD



---------------  S Y S T E M  ---------------

OS: Windows 10.0 , 64 bit Build 18362 (10.0.18362.329)

CPU:total 4 (initial active 4) (4 cores per cpu, 1 threads per core) family 22 model 48 stepping 1, cmov, cx8, fxsr, mmx, sse, sse2, sse3, ssse3, sse4.1, sse4.2, popcnt, avx, aes, clmul, mmxext, 3dnowpref, lzcnt, sse4a, tsc, tscinvbit, tscinv, bmi1

Memory: 4k page, physical 7273972k(1039056k free), swap 29294068k(9180k free)

vm_info: OpenJDK 64-Bit Server VM (25.202-b03) for windows-amd64 JRE (1.8.0_202-release-1483-b03), built by "builder" with MS VC++ 10.0 (VS2010)

time: Mon Jan 27 23:07:24 2020
timezone: Central Standard Time
elapsed time: 4136 seconds (0d 1h 8m 56s)

